....
----------------------------------------------------------------------
Ran 4 tests in 0.000s

OK
...
----------------------------------------------------------------------
Ran 3 tests in 0.000s

OK
.......
----------------------------------------------------------------------
Ran 7 tests in 251.534s

OK
.....
----------------------------------------------------------------------
Ran 5 tests in 371.754s

OK
.
----------------------------------------------------------------------
Ran 1 test in 55.659s

OK
E...
======================================================================
ERROR: test_feedback (MPmypage.MPmypage)
----------------------------------------------------------------------
Traceback (most recent call last):
  File "D:\myProgram\pythonProgram\miaopaiTest\MPTestCases\myPage\MPmypage.py", line 62, in test_feedback
    self.driver.find_element_by_name('发送').click()  #点击发送按钮
  File "C:\Python27\lib\site-packages\selenium\webdriver\remote\webdriver.py", line 365, in find_element_by_name
    return self.find_element(by=By.NAME, value=name)
  File "C:\Python27\lib\site-packages\selenium\webdriver\remote\webdriver.py", line 752, in find_element
    'value': value})['value']
  File "C:\Python27\lib\site-packages\selenium\webdriver\remote\webdriver.py", line 236, in execute
    self.error_handler.check_response(response)
  File "C:\Python27\lib\site-packages\appium\webdriver\errorhandler.py", line 29, in check_response
    raise wde
NoSuchElementException: Message: An element could not be located on the page using the given search parameters.


----------------------------------------------------------------------
Ran 4 tests in 203.462s

FAILED (errors=1)
.test_login1
test_login2
test_login3
MPlogin
test_shoot1
test_shoot2
test_shoot3
************************** MPsetting test **************************
************************** MPsetting test **************************
************************** MPsetting test **************************
************************** MPsetting test **************************
************************** MPsetting test **************************
************************** MPsetting test **************************
************************** MPsetting test **************************
start test_into_setting_page test ...  
end ... 
start test_comment_etc test ...  
end ... 
start test_change_language test ...  
end ... 
start test_bind_mobile test ...  
end ... 
start test_version_check test ...  
end ... 
start test_clear_cache test ...  
end ... 
start test_setting_page_all_button_click test ...  
end ... 
************************** MPHotpage test **************************
************************** MPHotpage test **************************
************************** MPHotpage test **************************
************************** MPHotpage test **************************
************************** MPHotpage test **************************
start click_shouye_rebang_faxian_wo test ...  
end ... 
start switch_category_at_shouye_by_slide test ...  
end ... 
start switch_category_at_shouye_by_click test ...  
end ... 
start switch_Opencategory_at_shouye_by_click test ...  
end ... 
start drag_to_change_category_order test ...  
end ... 
************************** MPBanner_test test **************************
start test_banner test ...  
6
end ... 
************************** MPmypage test **************************
************************** MPmypage test **************************
************************** MPmypage test **************************
************************** MPmypage test **************************
start test_feedback test ...  
end ... 
start test_mypage_topinfo_click test ...  
end ... 
start test_mypage_under_tipinfo_items_click test ...  
end ... 
start test_message_items_all_click test ...  
end ... 
************************** MPdetailPage test **************************
start test_check_like test ...  
...........
end ... 

----------------------------------------------------------------------
Ran 1 test in 28.314s

OK
